# JRE version: Java(TM) SE Runtime Environment (8.0_144-b01) (build 1.8.0_144-b01)
# Java VM: Java HotSpot(TM) 64-Bit Server VM (25.144-b01 mixed mode linux-amd64 compressed oops)
Heap:
 PSYoungGen      total 207872K, used 1744K [0x00000000ec000000, 0x00000000f9a00000, 0x0000000100000000)
  eden space 192512K, 0% used [0x00000000ec000000,0x00000000ec000000,0x00000000f7c00000)
  from space 15360K, 11% used [0x00000000f7c00000,0x00000000f7db4010,0x00000000f8b00000)
  to   space 14848K, 0% used [0x00000000f8b80000,0x00000000f8b80000,0x00000000f9a00000)
 ParOldGen       total 40960K, used 27806K [0x00000000c4000000, 0x00000000c6800000, 0x00000000ec000000)
  object space 40960K, 67% used [0x00000000c4000000,0x00000000c5b278e0,0x00000000c6800000)
 Metaspace       used 18217K, capacity 18660K, committed 18944K, reserved 1067008K
  class space    used 2112K, capacity 2230K, committed 2304K, reserved 1048576K
GC Heap History (10 events):
Event: 4,482 GC heap after
Heap after GC invocations=6 (full 0):
 PSYoungGen      total 69632K, used 5836K [0x00000000ec000000, 0x00000000f0c00000, 0x0000000100000000)
  eden space 61440K, 0% used [0x00000000ec000000,0x00000000ec000000,0x00000000efc00000)
  from space 8192K, 71% used [0x00000000f0400000,0x00000000f09b33a0,0x00000000f0c00000)
  to   space 8192K, 0% used [0x00000000efc00000,0x00000000efc00000,0x00000000f0400000)
 ParOldGen       total 40960K, used 10146K [0x00000000c4000000, 0x00000000c6800000, 0x00000000ec000000)
  object space 40960K, 24% used [0x00000000c4000000,0x00000000c49e8938,0x00000000c6800000)
 Metaspace       used 15284K, capacity 15546K, committed 15872K, reserved 1062912K
  class space    used 1859K, capacity 1943K, committed 2048K, reserved 1048576K
}
Event: 5,223 GC heap before
{Heap before GC invocations=7 (full 0):
 PSYoungGen      total 69632K, used 67276K [0x00000000ec000000, 0x00000000f0c00000, 0x0000000100000000)
  eden space 61440K, 100% used [0x00000000ec000000,0x00000000efc00000,0x00000000efc00000)
  from space 8192K, 71% used [0x00000000f0400000,0x00000000f09b33a0,0x00000000f0c00000)
  to   space 8192K, 0% used [0x00000000efc00000,0x00000000efc00000,0x00000000f0400000)
 ParOldGen       total 40960K, used 10146K [0x00000000c4000000, 0x00000000c6800000, 0x00000000ec000000)
  object space 40960K, 24% used [0x00000000c4000000,0x00000000c49e8938,0x00000000c6800000)
 Metaspace       used 15739K, capacity 16036K, committed 16384K, reserved 1062912K
  class space    used 1865K, capacity 1950K, committed 2048K, reserved 1048576K
Event: 5,245 GC heap after
Heap after GC invocations=7 (full 0):
 PSYoungGen      total 69632K, used 8192K [0x00000000ec000000, 0x00000000f4b00000, 0x0000000100000000)
  eden space 61440K, 0% used [0x00000000ec000000,0x00000000ec000000,0x00000000efc00000)
  from space 8192K, 100% used [0x00000000efc00000,0x00000000f0400000,0x00000000f0400000)
  to   space 9728K, 0% used [0x00000000f4180000,0x00000000f4180000,0x00000000f4b00000)
 ParOldGen       total 40960K, used 10722K [0x00000000c4000000, 0x00000000c6800000, 0x00000000ec000000)
  object space 40960K, 26% used [0x00000000c4000000,0x00000000c4a789a8,0x00000000c6800000)
 Metaspace       used 15739K, capacity 16036K, committed 16384K, reserved 1062912K
  class space    used 1865K, capacity 1950K, committed 2048K, reserved 1048576K
}
Event: 6,923 GC heap before
{Heap before GC invocations=8 (full 0):
 PSYoungGen      total 69632K, used 69632K [0x00000000ec000000, 0x00000000f4b00000, 0x0000000100000000)
  eden space 61440K, 100% used [0x00000000ec000000,0x00000000efc00000,0x00000000efc00000)
  from space 8192K, 100% used [0x00000000efc00000,0x00000000f0400000,0x00000000f0400000)
  to   space 9728K, 0% used [0x00000000f4180000,0x00000000f4180000,0x00000000f4b00000)
 ParOldGen       total 40960K, used 10722K [0x00000000c4000000, 0x00000000c6800000, 0x00000000ec000000)
  object space 40960K, 26% used [0x00000000c4000000,0x00000000c4a789a8,0x00000000c6800000)
 Metaspace       used 15956K, capacity 16292K, committed 16640K, reserved 1064960K
  class space    used 1865K, capacity 1950K, committed 2048K, reserved 1048576K
Event: 6,946 GC heap after
Heap after GC invocations=8 (full 0):
 PSYoungGen      total 130048K, used 9728K [0x00000000ec000000, 0x00000000f5000000, 0x0000000100000000)
  eden space 120320K, 0% used [0x00000000ec000000,0x00000000ec000000,0x00000000f3580000)
  from space 9728K, 100% used [0x00000000f4180000,0x00000000f4b00000,0x00000000f4b00000)
  to   space 12288K, 0% used [0x00000000f3580000,0x00000000f3580000,0x00000000f4180000)
 ParOldGen       total 40960K, used 12282K [0x00000000c4000000, 0x00000000c6800000, 0x00000000ec000000)
  object space 40960K, 29% used [0x00000000c4000000,0x00000000c4bfe9c8,0x00000000c6800000)
 Metaspace       used 15956K, capacity 16292K, committed 16640K, reserved 1064960K
  class space    used 1865K, capacity 1950K, committed 2048K, reserved 1048576K
}
Event: 8,814 GC heap before
{Heap before GC invocations=9 (full 0):
 PSYoungGen      total 130048K, used 130048K [0x00000000ec000000, 0x00000000f5000000, 0x0000000100000000)
  eden space 120320K, 100% used [0x00000000ec000000,0x00000000f3580000,0x00000000f3580000)
  from space 9728K, 100% used [0x00000000f4180000,0x00000000f4b00000,0x00000000f4b00000)
  to   space 12288K, 0% used [0x00000000f3580000,0x00000000f3580000,0x00000000f4180000)
 ParOldGen       total 40960K, used 12282K [0x00000000c4000000, 0x00000000c6800000, 0x00000000ec000000)
  object space 40960K, 29% used [0x00000000c4000000,0x00000000c4bfe9c8,0x00000000c6800000)
 Metaspace       used 17862K, capacity 18212K, committed 18432K, reserved 1064960K
  class space    used 2111K, capacity 2230K, committed 2304K, reserved 1048576K
Event: 8,899 GC heap after
Heap after GC invocations=9 (full 0):
 PSYoungGen      total 132608K, used 12274K [0x00000000ec000000, 0x00000000f9b00000, 0x0000000100000000)
  eden space 120320K, 0% used [0x00000000ec000000,0x00000000ec000000,0x00000000f3580000)
  from space 12288K, 99% used [0x00000000f3580000,0x00000000f417c9f8,0x00000000f4180000)
  to   space 15872K, 0% used [0x00000000f8b80000,0x00000000f8b80000,0x00000000f9b00000)
 ParOldGen       total 40960K, used 17310K [0x00000000c4000000, 0x00000000c6800000, 0x00000000ec000000)
  object space 40960K, 42% used [0x00000000c4000000,0x00000000c50e78e0,0x00000000c6800000)
 Metaspace       used 17862K, capacity 18212K, committed 18432K, reserved 1064960K
  class space    used 2111K, capacity 2230K, committed 2304K, reserved 1048576K
}
Event: 9,630 GC heap before
{Heap before GC invocations=10 (full 0):
 PSYoungGen      total 132608K, used 132594K [0x00000000ec000000, 0x00000000f9b00000, 0x0000000100000000)
  eden space 120320K, 100% used [0x00000000ec000000,0x00000000f3580000,0x00000000f3580000)
  from space 12288K, 99% used [0x00000000f3580000,0x00000000f417c9f8,0x00000000f4180000)
  to   space 15872K, 0% used [0x00000000f8b80000,0x00000000f8b80000,0x00000000f9b00000)
 ParOldGen       total 40960K, used 17310K [0x00000000c4000000, 0x00000000c6800000, 0x00000000ec000000)
  object space 40960K, 42% used [0x00000000c4000000,0x00000000c50e78e0,0x00000000c6800000)
 Metaspace       used 18101K, capacity 18468K, committed 18688K, reserved 1064960K
  class space    used 2111K, capacity 2230K, committed 2304K, reserved 1048576K
Event: 9,658 GC heap after
Heap after GC invocations=10 (full 0):
 PSYoungGen      total 207360K, used 6496K [0x00000000ec000000, 0x00000000f9a00000, 0x0000000100000000)
  eden space 192512K, 0% used [0x00000000ec000000,0x00000000ec000000,0x00000000f7c00000)
  from space 14848K, 43% used [0x00000000f8b80000,0x00000000f91d8000,0x00000000f9a00000)
  to   space 15360K, 0% used [0x00000000f7c00000,0x00000000f7c00000,0x00000000f8b00000)
 ParOldGen       total 40960K, used 22670K [0x00000000c4000000, 0x00000000c6800000, 0x00000000ec000000)
  object space 40960K, 55% used [0x00000000c4000000,0x00000000c56238e0,0x00000000c6800000)
 Metaspace       used 18101K, capacity 18468K, committed 18688K, reserved 1064960K
  class space    used 2111K, capacity 2230K, committed 2304K, reserved 1048576K
}
Event: 17,376 GC heap before
{Heap before GC invocations=11 (full 0):
 PSYoungGen      total 207360K, used 199008K [0x00000000ec000000, 0x00000000f9a00000, 0x0000000100000000)
  eden space 192512K, 100% used [0x00000000ec000000,0x00000000f7c00000,0x00000000f7c00000)
  from space 14848K, 43% used [0x00000000f8b80000,0x00000000f91d8000,0x00000000f9a00000)
  to   space 15360K, 0% used [0x00000000f7c00000,0x00000000f7c00000,0x00000000f8b00000)
 ParOldGen       total 40960K, used 22670K [0x00000000c4000000, 0x00000000c6800000, 0x00000000ec000000)
  object space 40960K, 55% used [0x00000000c4000000,0x00000000c56238e0,0x00000000c6800000)
 Metaspace       used 18217K, capacity 18660K, committed 18944K, reserved 1067008K
  class space    used 2112K, capacity 2230K, committed 2304K, reserved 1048576K

